


ARM Macro Assembler    Page 1 


    1 00000000         ; *------- <<< Use Configuration Wizard in Context Menu 
                       >>> ------------------
    2 00000000         
    3 00000000         
    4 00000000         ; <h> Stack Configuration
    5 00000000         ;   <o> Stack Size (in Bytes) <0x0-0xFFFFFFFF:8>
    6 00000000         ; </h>
    7 00000000         
    8 00000000 00000600 
                       Stack_Size
                               EQU              0x00000600
    9 00000000         
   10 00000000                 AREA             STACK, NOINIT, READWRITE, ALIGN
=3
   11 00000000         Stack_Mem
                               SPACE            Stack_Size
   12 00000600         __initial_sp
   13 00000600         
   14 00000600         
   15 00000600         ; <h> Heap Configuration
   16 00000600         ;   <o>  Heap Size (in Bytes) <0x0-0xFFFFFFFF:8>
   17 00000600         ; </h>
   18 00000600         
   19 00000600 00000600 
                       Heap_Size
                               EQU              0x00000600
   20 00000600         
   21 00000600                 AREA             HEAP, NOINIT, READWRITE, ALIGN=
3
   22 00000000         __heap_base
   23 00000000         Heap_Mem
                               SPACE            Heap_Size
   24 00000600         __heap_limit
   25 00000600         
   26 00000600         
   27 00000600                 PRESERVE8
   28 00000600                 THUMB
   29 00000600         
   30 00000600         
   31 00000600         ; Vector Table Mapped to Address 0 at Reset
   32 00000600         
   33 00000600                 AREA             RESET, DATA, READONLY
   34 00000000                 EXPORT           __Vectors
   35 00000000         
   36 00000000 00000000 
                       __Vectors
                               DCD              __initial_sp ;0x00      Top of 
                                                            Stack            
   37 00000004 00000000        DCD              Reset_Handler ;0x04      Reset 
                                                            Handler           
   38 00000008 00000000        DCD              NMI_Handler ;0x08      NMI Hand
                                                            ler             
   39 0000000C 00000000        DCD              HardFault_Handler ;0x0c      Ha
                                                            rd Fault Handler   
                                                               
   40 00000010 00000000        DCD              0           ;0x10      Reserved
                                                                            
   41 00000014 00000000        DCD              0           ;0x14      Reserved
                                                                            



ARM Macro Assembler    Page 2 


   42 00000018 00000000        DCD              0           ;0x18      Reserved
                                                                            
   43 0000001C 00000000        DCD              0           ;0x1c      Reserved
                                                                            
   44 00000020 00000000        DCD              0           ;0x20      Reserved
                                                                            
   45 00000024 00000000        DCD              0           ;0x24      Reserved
                                                                            
   46 00000028 00000000        DCD              0           ;0x28      Reserved
                                                                            
   47 0000002C 00000000        DCD              SVC_Handler ;0x2c      SVCall H
                                                            andler          
   48 00000030 00000000        DCD              0           ;0x30      Reserved
                                                                            
   49 00000034 00000000        DCD              0           ;0x34      Reserved
                                                                            
   50 00000038 00000000        DCD              PendSV_Handler ;0x38      PendS
                                                            V Handler          
                                                            
   51 0000003C 00000000        DCD              SysTick_Handler ;0x3c      SysT
                                                            ick Handler        
                                                             
   52 00000040         
   53 00000040         ; External Interrupts                  
   54 00000040         
   55 00000040 00000000        DCD              WDT_Int_Handler ;0x40      WDT 
                                                                               
                                                              
   56 00000044 00000000        DCD              Timer0_Int_Handler ;0x44      T
                                                            imer0              
                                                                 
   57 00000048 00000000        DCD              Timer1_Int_Handler ;0x48      T
                                                            imer1              
                                                                 
   58 0000004C 00000000        DCD              GPIO_Int_Handler ;0x4c      GPI
                                                            O                  
                                                               
   59 00000050 00000000        DCD              GPIO_WakeUp_Int_Handler ;0x50  
                                                                GPIO Wakeup    
                                                                      
   60 00000054 00000000        DCD              Sound_Int_Handler ;0x54      So
                                                            und                
                                                                
   61 00000058 00000000        DCD              0           ;0x58              
                                                                             
   62 0000005C 00000000        DCD              Uart0_Int_Handler ;0x5c      UA
                                                            RT                 
                                                                
   63 00000060 00000000        DCD              0           ;0x60              
                                                                             
   64 00000064 00000000        DCD              0           ;0x64              
                                                                             
   65 00000068 00000000        DCD              CMP_LOW_Int_Handler ;0x68      
                                                                               
                                                                  
   66 0000006C 00000000        DCD              CMP_HIGH_Int_Handler ;0x6c     
                                                                               
                                                                   
   67 00000070 00000000        DCD              SPI_Int_Handler ;0x70      SPI 



ARM Macro Assembler    Page 3 


                                                                               
                                                              
   68 00000074 00000000        DCD              I2C_Int_Handler ;0x74      I2C 
                                                                               
                                                              
   69 00000078 00000000        DCD              0           ;0x78              
                                                                             
   70 0000007C 00000000        DCD              RTC_Int_Handler ;0x7c      RTC 
                                                                               
                                                              
   71 00000080 00000000        DCD              ADC_Int_Handler ;0x80      ADC 
                                                                               
                                                              
   72 00000084 00000000        DCD              ADC_Fall_Int_Handler ;0x84     
                                                             ADC_int_fail      
                                                                   
   73 00000088 00000000        DCD              ADC_Rise_Int_Handler ;0x88     
                                                             ADC_int_raise     
                                                                   
   74 0000008C 00000000        DCD              I2C_rx_full_Int_Handler ;0x8C  
                                                                               
                                                                      
   75 00000090 00000000        DCD              I2C_TX_EMPTY_Int_Handler ;0x90 
                                                                               
                                                                       
   76 00000094 00000000        DCD              0           ;0x94              
                                                                             
   77 00000098 00000000        DCD              0           ;0x98              
                                                                             
   78 0000009C 00000000        DCD              0           ;0x9C              
                                                                             
   79 000000A0 00000000        DCD              0           ;0xA0              
                                                                             
   80 000000A4 00000000        DCD              0           ;0xA4              
                                                                             
   81 000000A8 00000000        DCD              0           ;0xA8              
                                                                             
   82 000000AC 00000000        DCD              Uart1_Int_Handler ;0xAC      UA
                                                            RT1                
                                                                
   83 000000B0 00000000        DCD              BOD_Int_Handler ;0xB0      BOD 
                                                                               
                                                              
   84 000000B4                 AREA             |.text|, CODE, READONLY
   85 00000000         
   86 00000000         
   87 00000000         ; Reset Handler
   88 00000000         
   89 00000000         Reset_Handler
                               PROC
   90 00000000                 EXPORT           Reset_Handler             [WEAK
]
   91 00000000                 IMPORT           SystemInit
   92 00000000                 IMPORT           __main
   93 00000000         
   94 00000000 4806            LDR              R0, =0x00000020
   95 00000002         WaitPLL
   96 00000002 1E40            SUBS             R0,R0,#1
   97 00000004 D1FD            BNE              WaitPLL



ARM Macro Assembler    Page 4 


   98 00000006         
   99 00000006 BF00            NOP
  100 00000008 BF00            NOP
  101 0000000A BF00            NOP
  102 0000000C         
  103 0000000C         ;LDR     R0, =SystemInit
  104 0000000C         ;BLX     R0
  105 0000000C 4804            LDR              R0, =__main
  106 0000000E 4700            BX               R0
  107 00000010         
  108 00000010                 ENDP
  109 00000010         
  110 00000010         
  111 00000010         ; Dummy Exception Handlers (infinite loops which can be 
                       modified)                
  112 00000010         
  113 00000010         NMI_Handler
                               PROC
  114 00000010                 EXPORT           NMI_Handler               [WEAK
]
  115 00000010 E7FE            B                .
  116 00000012                 ENDP
  118 00000012         HardFault_Handler
                               PROC
  119 00000012                 EXPORT           HardFault_Handler         [WEAK
]
  120 00000012         
  121 00000012 E7FE            B                .
  122 00000014                 ENDP
  123 00000014         SVC_Handler
                               PROC
  124 00000014                 EXPORT           SVC_Handler               [WEAK
]
  125 00000014 E7FE            B                .
  126 00000016                 ENDP
  127 00000016         PendSV_Handler
                               PROC
  128 00000016                 EXPORT           PendSV_Handler            [WEAK
]
  129 00000016 E7FE            B                .
  130 00000018                 ENDP
  131 00000018         SysTick_Handler
                               PROC
  132 00000018                 EXPORT           SysTick_Handler           [WEAK
]
  133 00000018 E7FE            B                .
  134 0000001A                 ENDP
  135 0000001A         
  136 0000001A         Default_Handler
                               PROC
  137 0000001A                 EXPORT           WDT_Int_Handler                
 [WEAK]
  138 0000001A                 EXPORT           Timer0_Int_Handler             
    [WEAK]
  139 0000001A                 EXPORT           Timer1_Int_Handler             
    [WEAK]
  140 0000001A                 EXPORT           GPIO_Int_Handler               
  [WEAK]
  141 0000001A                 EXPORT           GPIO_WakeUp_Int_Handler        



ARM Macro Assembler    Page 5 


    [WEAK]
  142 0000001A                 EXPORT           Sound_Int_Handler              
 [WEAK]
  143 0000001A                 EXPORT           Uart0_Int_Handler     [WEAK]
  144 0000001A                 EXPORT           CMP_LOW_Int_Handler            
     [WEAK]
  145 0000001A                 EXPORT           CMP_HIGH_Int_Handler           
     [WEAK]
  146 0000001A                 EXPORT           SPI_Int_Handler                
 [WEAK]
  147 0000001A                 EXPORT           I2C_Int_Handler                
 [WEAK]
  148 0000001A                 EXPORT           RTC_Int_Handler                
 [WEAK]
  149 0000001A                 EXPORT           ADC_Int_Handler                
 [WEAK]
  150 0000001A                 EXPORT           ADC_Fall_Int_Handler           
   [WEAK]
  151 0000001A                 EXPORT           ADC_Rise_Int_Handler           
   [WEAK]
  152 0000001A                 EXPORT           I2C_rx_full_Int_Handler        
     [WEAK]
  153 0000001A                 EXPORT           I2C_TX_EMPTY_Int_Handler       
     [WEAK]
  154 0000001A                 EXPORT           Uart1_Int_Handler     [WEAK]
  155 0000001A                 EXPORT           BOD_Int_Handler          [WEAK]
  156 0000001A         WDT_Int_Handler
  157 0000001A         Timer0_Int_Handler
  158 0000001A         Timer1_Int_Handler
  159 0000001A         GPIO_Int_Handler
  160 0000001A         GPIO_WakeUp_Int_Handler
  161 0000001A         Sound_Int_Handler
  162 0000001A         Uart0_Int_Handler
  163 0000001A         CMP_LOW_Int_Handler
  164 0000001A         CMP_HIGH_Int_Handler
  165 0000001A         SPI_Int_Handler
  166 0000001A         I2C_Int_Handler
  167 0000001A         RTC_Int_Handler
  168 0000001A         ADC_Int_Handler
  169 0000001A         ADC_Fall_Int_Handler
  170 0000001A         ADC_Rise_Int_Handler
  171 0000001A         I2C_rx_full_Int_Handler
  172 0000001A         I2C_TX_EMPTY_Int_Handler
  173 0000001A         Uart1_Int_Handler
  174 0000001A         BOD_Int_Handler
  175 0000001A E7FE            B                .
  176 0000001C         
  177 0000001C                 ENDP
  178 0000001C         
  179 0000001C         
  180 0000001C                 ALIGN
  181 0000001C         
  182 0000001C         
  183 0000001C         ; User Initial Stack & Heap
  184 0000001C         
  185 0000001C                 IF               :DEF:__MICROLIB
  186 0000001C         
  187 0000001C                 EXPORT           __initial_sp
  188 0000001C                 EXPORT           __heap_base



ARM Macro Assembler    Page 6 


  189 0000001C                 EXPORT           __heap_limit
  190 0000001C         
  191 0000001C                 ELSE
  205                          ENDIF
  206 0000001C         
  207 0000001C         
  208 0000001C         
  209 0000001C                 END
              00000020 
              00000000 
Command Line: --16 --debug --xref --diag_suppress=9931 --cpu=Cortex-M0+ --apcs=
interwork --depend=.\objects\startup_dt5m8x.d -o.\objects\startup_dt5m8x.o -ID:
\keil5\Keil\DTChip_DFP\0.1.2\Device\Include --predefine="__MICROLIB SETA 1" --p
redefine="__UVISION_VERSION SETA 537" --list=.\listings\startup_dt5m8x.lst ..\u
sr\src\startup_DT5M8x.s



ARM Macro Assembler    Page 1 Alphabetic symbol ordering
Relocatable symbols

STACK 00000000

Symbol: STACK
   Definitions
      At line 10 in file ..\usr\src\startup_DT5M8x.s
   Uses
      None
Comment: STACK unused
Stack_Mem 00000000

Symbol: Stack_Mem
   Definitions
      At line 11 in file ..\usr\src\startup_DT5M8x.s
   Uses
      None
Comment: Stack_Mem unused
__initial_sp 00000600

Symbol: __initial_sp
   Definitions
      At line 12 in file ..\usr\src\startup_DT5M8x.s
   Uses
      At line 36 in file ..\usr\src\startup_DT5M8x.s
      At line 187 in file ..\usr\src\startup_DT5M8x.s

3 symbols



ARM Macro Assembler    Page 1 Alphabetic symbol ordering
Relocatable symbols

HEAP 00000000

Symbol: HEAP
   Definitions
      At line 21 in file ..\usr\src\startup_DT5M8x.s
   Uses
      None
Comment: HEAP unused
Heap_Mem 00000000

Symbol: Heap_Mem
   Definitions
      At line 23 in file ..\usr\src\startup_DT5M8x.s
   Uses
      None
Comment: Heap_Mem unused
__heap_base 00000000

Symbol: __heap_base
   Definitions
      At line 22 in file ..\usr\src\startup_DT5M8x.s
   Uses
      At line 188 in file ..\usr\src\startup_DT5M8x.s
Comment: __heap_base used once
__heap_limit 00000600

Symbol: __heap_limit
   Definitions
      At line 24 in file ..\usr\src\startup_DT5M8x.s
   Uses
      At line 189 in file ..\usr\src\startup_DT5M8x.s
Comment: __heap_limit used once
4 symbols



ARM Macro Assembler    Page 1 Alphabetic symbol ordering
Relocatable symbols

RESET 00000000

Symbol: RESET
   Definitions
      At line 33 in file ..\usr\src\startup_DT5M8x.s
   Uses
      None
Comment: RESET unused
__Vectors 00000000

Symbol: __Vectors
   Definitions
      At line 36 in file ..\usr\src\startup_DT5M8x.s
   Uses
      At line 34 in file ..\usr\src\startup_DT5M8x.s
Comment: __Vectors used once
2 symbols



ARM Macro Assembler    Page 1 Alphabetic symbol ordering
Relocatable symbols

.text 00000000

Symbol: .text
   Definitions
      At line 84 in file ..\usr\src\startup_DT5M8x.s
   Uses
      None
Comment: .text unused
ADC_Fall_Int_Handler 0000001A

Symbol: ADC_Fall_Int_Handler
   Definitions
      At line 169 in file ..\usr\src\startup_DT5M8x.s
   Uses
      At line 72 in file ..\usr\src\startup_DT5M8x.s
      At line 150 in file ..\usr\src\startup_DT5M8x.s

ADC_Int_Handler 0000001A

Symbol: ADC_Int_Handler
   Definitions
      At line 168 in file ..\usr\src\startup_DT5M8x.s
   Uses
      At line 71 in file ..\usr\src\startup_DT5M8x.s
      At line 149 in file ..\usr\src\startup_DT5M8x.s

ADC_Rise_Int_Handler 0000001A

Symbol: ADC_Rise_Int_Handler
   Definitions
      At line 170 in file ..\usr\src\startup_DT5M8x.s
   Uses
      At line 73 in file ..\usr\src\startup_DT5M8x.s
      At line 151 in file ..\usr\src\startup_DT5M8x.s

BOD_Int_Handler 0000001A

Symbol: BOD_Int_Handler
   Definitions
      At line 174 in file ..\usr\src\startup_DT5M8x.s
   Uses
      At line 83 in file ..\usr\src\startup_DT5M8x.s
      At line 155 in file ..\usr\src\startup_DT5M8x.s

CMP_HIGH_Int_Handler 0000001A

Symbol: CMP_HIGH_Int_Handler
   Definitions
      At line 164 in file ..\usr\src\startup_DT5M8x.s
   Uses
      At line 66 in file ..\usr\src\startup_DT5M8x.s
      At line 145 in file ..\usr\src\startup_DT5M8x.s

CMP_LOW_Int_Handler 0000001A

Symbol: CMP_LOW_Int_Handler
   Definitions
      At line 163 in file ..\usr\src\startup_DT5M8x.s
   Uses



ARM Macro Assembler    Page 2 Alphabetic symbol ordering
Relocatable symbols

      At line 65 in file ..\usr\src\startup_DT5M8x.s
      At line 144 in file ..\usr\src\startup_DT5M8x.s

Default_Handler 0000001A

Symbol: Default_Handler
   Definitions
      At line 136 in file ..\usr\src\startup_DT5M8x.s
   Uses
      None
Comment: Default_Handler unused
GPIO_Int_Handler 0000001A

Symbol: GPIO_Int_Handler
   Definitions
      At line 159 in file ..\usr\src\startup_DT5M8x.s
   Uses
      At line 58 in file ..\usr\src\startup_DT5M8x.s
      At line 140 in file ..\usr\src\startup_DT5M8x.s

GPIO_WakeUp_Int_Handler 0000001A

Symbol: GPIO_WakeUp_Int_Handler
   Definitions
      At line 160 in file ..\usr\src\startup_DT5M8x.s
   Uses
      At line 59 in file ..\usr\src\startup_DT5M8x.s
      At line 141 in file ..\usr\src\startup_DT5M8x.s

HardFault_Handler 00000012

Symbol: HardFault_Handler
   Definitions
      At line 118 in file ..\usr\src\startup_DT5M8x.s
   Uses
      At line 39 in file ..\usr\src\startup_DT5M8x.s
      At line 119 in file ..\usr\src\startup_DT5M8x.s

I2C_Int_Handler 0000001A

Symbol: I2C_Int_Handler
   Definitions
      At line 166 in file ..\usr\src\startup_DT5M8x.s
   Uses
      At line 68 in file ..\usr\src\startup_DT5M8x.s
      At line 147 in file ..\usr\src\startup_DT5M8x.s

I2C_TX_EMPTY_Int_Handler 0000001A

Symbol: I2C_TX_EMPTY_Int_Handler
   Definitions
      At line 172 in file ..\usr\src\startup_DT5M8x.s
   Uses
      At line 75 in file ..\usr\src\startup_DT5M8x.s
      At line 153 in file ..\usr\src\startup_DT5M8x.s

I2C_rx_full_Int_Handler 0000001A

Symbol: I2C_rx_full_Int_Handler



ARM Macro Assembler    Page 3 Alphabetic symbol ordering
Relocatable symbols

   Definitions
      At line 171 in file ..\usr\src\startup_DT5M8x.s
   Uses
      At line 74 in file ..\usr\src\startup_DT5M8x.s
      At line 152 in file ..\usr\src\startup_DT5M8x.s

NMI_Handler 00000010

Symbol: NMI_Handler
   Definitions
      At line 113 in file ..\usr\src\startup_DT5M8x.s
   Uses
      At line 38 in file ..\usr\src\startup_DT5M8x.s
      At line 114 in file ..\usr\src\startup_DT5M8x.s

PendSV_Handler 00000016

Symbol: PendSV_Handler
   Definitions
      At line 127 in file ..\usr\src\startup_DT5M8x.s
   Uses
      At line 50 in file ..\usr\src\startup_DT5M8x.s
      At line 128 in file ..\usr\src\startup_DT5M8x.s

RTC_Int_Handler 0000001A

Symbol: RTC_Int_Handler
   Definitions
      At line 167 in file ..\usr\src\startup_DT5M8x.s
   Uses
      At line 70 in file ..\usr\src\startup_DT5M8x.s
      At line 148 in file ..\usr\src\startup_DT5M8x.s

Reset_Handler 00000000

Symbol: Reset_Handler
   Definitions
      At line 89 in file ..\usr\src\startup_DT5M8x.s
   Uses
      At line 37 in file ..\usr\src\startup_DT5M8x.s
      At line 90 in file ..\usr\src\startup_DT5M8x.s

SPI_Int_Handler 0000001A

Symbol: SPI_Int_Handler
   Definitions
      At line 165 in file ..\usr\src\startup_DT5M8x.s
   Uses
      At line 67 in file ..\usr\src\startup_DT5M8x.s
      At line 146 in file ..\usr\src\startup_DT5M8x.s

SVC_Handler 00000014

Symbol: SVC_Handler
   Definitions
      At line 123 in file ..\usr\src\startup_DT5M8x.s
   Uses
      At line 47 in file ..\usr\src\startup_DT5M8x.s
      At line 124 in file ..\usr\src\startup_DT5M8x.s



ARM Macro Assembler    Page 4 Alphabetic symbol ordering
Relocatable symbols


Sound_Int_Handler 0000001A

Symbol: Sound_Int_Handler
   Definitions
      At line 161 in file ..\usr\src\startup_DT5M8x.s
   Uses
      At line 60 in file ..\usr\src\startup_DT5M8x.s
      At line 142 in file ..\usr\src\startup_DT5M8x.s

SysTick_Handler 00000018

Symbol: SysTick_Handler
   Definitions
      At line 131 in file ..\usr\src\startup_DT5M8x.s
   Uses
      At line 51 in file ..\usr\src\startup_DT5M8x.s
      At line 132 in file ..\usr\src\startup_DT5M8x.s

Timer0_Int_Handler 0000001A

Symbol: Timer0_Int_Handler
   Definitions
      At line 157 in file ..\usr\src\startup_DT5M8x.s
   Uses
      At line 56 in file ..\usr\src\startup_DT5M8x.s
      At line 138 in file ..\usr\src\startup_DT5M8x.s

Timer1_Int_Handler 0000001A

Symbol: Timer1_Int_Handler
   Definitions
      At line 158 in file ..\usr\src\startup_DT5M8x.s
   Uses
      At line 57 in file ..\usr\src\startup_DT5M8x.s
      At line 139 in file ..\usr\src\startup_DT5M8x.s

Uart0_Int_Handler 0000001A

Symbol: Uart0_Int_Handler
   Definitions
      At line 162 in file ..\usr\src\startup_DT5M8x.s
   Uses
      At line 62 in file ..\usr\src\startup_DT5M8x.s
      At line 143 in file ..\usr\src\startup_DT5M8x.s

Uart1_Int_Handler 0000001A

Symbol: Uart1_Int_Handler
   Definitions
      At line 173 in file ..\usr\src\startup_DT5M8x.s
   Uses
      At line 82 in file ..\usr\src\startup_DT5M8x.s
      At line 154 in file ..\usr\src\startup_DT5M8x.s

WDT_Int_Handler 0000001A

Symbol: WDT_Int_Handler
   Definitions



ARM Macro Assembler    Page 5 Alphabetic symbol ordering
Relocatable symbols

      At line 156 in file ..\usr\src\startup_DT5M8x.s
   Uses
      At line 55 in file ..\usr\src\startup_DT5M8x.s
      At line 137 in file ..\usr\src\startup_DT5M8x.s

WaitPLL 00000002

Symbol: WaitPLL
   Definitions
      At line 95 in file ..\usr\src\startup_DT5M8x.s
   Uses
      At line 97 in file ..\usr\src\startup_DT5M8x.s
Comment: WaitPLL used once
28 symbols



ARM Macro Assembler    Page 1 Alphabetic symbol ordering
Absolute symbols

Heap_Size 00000600

Symbol: Heap_Size
   Definitions
      At line 19 in file ..\usr\src\startup_DT5M8x.s
   Uses
      At line 23 in file ..\usr\src\startup_DT5M8x.s
Comment: Heap_Size used once
Stack_Size 00000600

Symbol: Stack_Size
   Definitions
      At line 8 in file ..\usr\src\startup_DT5M8x.s
   Uses
      At line 11 in file ..\usr\src\startup_DT5M8x.s
Comment: Stack_Size used once
2 symbols



ARM Macro Assembler    Page 1 Alphabetic symbol ordering
External symbols

SystemInit 00000000

Symbol: SystemInit
   Definitions
      At line 91 in file ..\usr\src\startup_DT5M8x.s
   Uses
      None
Comment: SystemInit unused
__main 00000000

Symbol: __main
   Definitions
      At line 92 in file ..\usr\src\startup_DT5M8x.s
   Uses
      At line 105 in file ..\usr\src\startup_DT5M8x.s
Comment: __main used once
2 symbols
375 symbols in table
